<?xml version="1.0" encoding="UTF-8"?>
<!-- Generated by org.testng.reporters.JUnitReportReporter -->
<testsuite hostname="AL02281136" failures="0" tests="8" name="tailtest.Application" time="34.629" errors="0" timestamp="16 Jul 2023 09:20:33 GMT">
  <testcase classname="tailtest.Application" name="s02" time="3.443"/>
  <testcase classname="tailtest.Application" name="s04" time="3.472"/>
  <testcase classname="tailtest.Application" name="s01" time="2.423"/>
  <testcase classname="tailtest.Application" name="s06" time="3.759"/>
  <testcase classname="tailtest.Application" name="s07" time="3.212"/>
  <testcase classname="tailtest.Application" name="s08" time="1.610"/>
  <testcase classname="tailtest.Application" name="s09" time="12.274"/>
  <testcase classname="tailtest.Application" name="s05" time="4.436"/>
</testsuite> <!-- tailtest.Application -->
